Log file open, 02/04/21 21:32:40
LogPakFile: Display: Found Pak file ../../../GlobalGameJam2021/Content/Paks/GlobalGameJam2021-WindowsNoEditor.pak attempting to mount.
LogPakFile: Display: Mounting pak file ../../../GlobalGameJam2021/Content/Paks/GlobalGameJam2021-WindowsNoEditor.pak.
LogPlatformFile: Not using cached read wrapper
LogTaskGraph: Started task graph with 5 named threads and 47 total threads with 3 sets of task threads.
LogStats: Stats thread started at 1.844872
LogD3D11RHI: Loaded GFSDK_Aftermath_Lib.x64.dll
LogICUInternationalization: ICU TimeZone Detection - Raw Offset: +1:00, Platform Override: ''
LogPluginManager: Mounting plugin Wwise
LogPluginManager: Mounting plugin Paper2D
LogPluginManager: Mounting plugin AISupport
LogPluginManager: Mounting plugin LightPropagationVolume
LogPluginManager: Mounting plugin AnimationSharing
LogPluginManager: Mounting plugin SignificanceManager
LogPluginManager: Mounting plugin UObjectPlugin
LogPluginManager: Mounting plugin AssetManagerEditor
LogPluginManager: Mounting plugin FacialAnimation
LogPluginManager: Mounting plugin GeometryMode
LogPluginManager: Mounting plugin DatasmithContent
LogPluginManager: Mounting plugin VariantManagerContent
LogPluginManager: Mounting plugin AlembicImporter
LogPluginManager: Mounting plugin GeometryCache
LogPluginManager: Mounting plugin AutomationUtils
LogPluginManager: Mounting plugin ScreenshotTools
LogPluginManager: Mounting plugin BackChannel
LogPluginManager: Mounting plugin ChaosClothEditor
LogPluginManager: Mounting plugin ChaosCloth
LogPluginManager: Mounting plugin ChaosEditor
LogPluginManager: Mounting plugin PlanarCut
LogPluginManager: Mounting plugin GeometryProcessing
LogPluginManager: Mounting plugin EditableMesh
LogPluginManager: Mounting plugin GeometryCollectionPlugin
LogPluginManager: Mounting plugin ProceduralMeshComponent
LogPluginManager: Mounting plugin ChaosSolverPlugin
LogPluginManager: Mounting plugin ChaosNiagara
LogPluginManager: Mounting plugin Niagara
LogPluginManager: Mounting plugin CharacterAI
LogPluginManager: Mounting plugin PlatformCrypto
LogPluginManager: Mounting plugin MagicLeapPassableWorld
LogPluginManager: Mounting plugin MagicLeap
LogPluginManager: Mounting plugin MLSDK
LogPluginManager: Mounting plugin MagicLeapLightEstimation
LogPluginManager: Mounting plugin AvfMedia
LogPluginManager: Mounting plugin ImgMedia
LogPluginManager: Mounting plugin MediaCompositing
LogPluginManager: Mounting plugin WmfMedia
LogPluginManager: Mounting plugin MegascansPlugin
LogPluginManager: Mounting plugin PythonScriptPlugin
LogPluginManager: Mounting plugin EditorScriptingUtilities
LogPluginManager: Mounting plugin SQLiteSupport
LogPluginManager: Mounting plugin DatabaseSupport
LogPluginManager: Mounting plugin SQLiteCore
LogPluginManager: Mounting plugin MeshPainting
LogPluginManager: Mounting plugin TcpMessaging
LogPluginManager: Mounting plugin UdpMessaging
LogPluginManager: Mounting plugin ActorSequence
LogPluginManager: Mounting plugin LevelSequenceEditor
LogPluginManager: Mounting plugin MatineeToLevelSequence
LogPluginManager: Mounting plugin TemplateSequence
LogPluginManager: Mounting plugin MovieRenderPipeline
LogPluginManager: Mounting plugin NetcodeUnitTest
LogPluginManager: Mounting plugin OnlineSubsystemNull
LogPluginManager: Mounting plugin OnlineSubsystem
LogPluginManager: Mounting plugin OnlineSubsystemUtils
LogPluginManager: Mounting plugin LauncherChunkInstaller
LogPluginManager: Mounting plugin AndroidPermission
LogPluginManager: Mounting plugin AppleImageUtils
LogPluginManager: Mounting plugin ArchVisCharacter
LogPluginManager: Mounting plugin AssetTags
LogPluginManager: Mounting plugin AudioCapture
LogPluginManager: Mounting plugin CableComponent
LogPluginManager: Mounting plugin CustomMeshComponent
LogPluginManager: Mounting plugin ExampleDeviceProfileSelector
LogPluginManager: Mounting plugin GooglePAD
LogPluginManager: Mounting plugin LocationServicesBPLibrary
LogPluginManager: Mounting plugin MobilePatchingUtils
LogPluginManager: Mounting plugin OculusVR
LogPluginManager: Mounting plugin PhysXVehicles
LogPluginManager: Mounting plugin RuntimePhysXCooking
LogPluginManager: Mounting plugin SoundFields
LogPluginManager: Mounting plugin SteamVR
LogPluginManager: Mounting plugin Synthesis
LogPluginManager: Mounting plugin WebMMoviePlayer
LogPluginManager: Mounting plugin WebMMedia
LogPluginManager: Mounting plugin WindowsMoviePlayer
LogInit: Using libcurl 7.55.1-DEV
LogInit:  - built for x86_64-pc-win32
LogInit:  - supports SSL with OpenSSL/1.1.1
LogInit:  - supports HTTP deflate (compression) using libz 1.2.8
LogInit:  - other features:
LogInit:      CURL_VERSION_SSL
LogInit:      CURL_VERSION_LIBZ
LogInit:      CURL_VERSION_IPV6
LogInit:      CURL_VERSION_ASYNCHDNS
LogInit:      CURL_VERSION_LARGEFILE
LogInit:      CURL_VERSION_IDN
LogInit:  CurlRequestOptions (configurable via config and command line):
LogInit:  - bVerifyPeer = true  - Libcurl will verify peer certificate
LogInit:  - bUseHttpProxy = false  - Libcurl will NOT use HTTP proxy
LogInit:  - bDontReuseConnections = false  - Libcurl will reuse connections
LogInit:  - MaxHostConnections = 16  - Libcurl will limit the number of connections to a host
LogInit:  - LocalHostAddr = Default
LogInit:  - BufferSize = 65536
LogOnline: OSS: Creating online subsystem instance for: NULL
LogInit: WinSock: version 1.1 (2.2), MaxSocks=32767, MaxUdp=65467
LogOnline: OSS: TryLoadSubsystemAndSetDefault: Loaded subsystem for module [NULL]
LogInit: Build: ++UE4+Release-4.25-CL-14469661
LogInit: Engine Version: 4.25.4-14469661+++UE4+Release-4.25
LogInit: Compatible Engine Version: 4.25.0-13144385+++UE4+Release-4.25
LogInit: Net CL: 13144385
LogInit: OS: Windows 10 (Release 2004) (), CPU: AMD Ryzen 7 2700X Eight-Core Processor         , GPU: NVIDIA GeForce RTX 2070
LogInit: Compiled (64-bit): Oct 11 2020 08:22:12
LogInit: Compiled with Visual C++: 19.16.27032.01
LogInit: Build Configuration: Development
LogInit: Branch Name: ++UE4+Release-4.25
LogInit: Command Line: 
LogInit: Base Directory: F:/Jam/GlobalGameJam2021/Content/Build/WindowsNoEditor/GlobalGameJam2021/Binaries/Win64/
LogInit: Allocator: binned2
LogInit: Installed Engine Build: 0
LogDevObjectVersion: Number of dev versions registered: 26
LogDevObjectVersion:   Dev-Blueprints (B0D832E4-1F89-4F0D-ACCF-7EB736FD4AA2): 10
LogDevObjectVersion:   Dev-Build (E1C64328-A22C-4D53-A36C-8E866417BD8C): 0
LogDevObjectVersion:   Dev-Core (375EC13C-06E4-48FB-B500-84F0262A717E): 4
LogDevObjectVersion:   Dev-Editor (E4B068ED-F494-42E9-A231-DA0B2E46BB41): 38
LogDevObjectVersion:   Dev-Framework (CFFC743F-43B0-4480-9391-14DF171D2073): 37
LogDevObjectVersion:   Dev-Mobile (B02B49B5-BB20-44E9-A304-32B752E40360): 2
LogDevObjectVersion:   Dev-Networking (A4E4105C-59A1-49B5-A7C5-40C4547EDFEE): 0
LogDevObjectVersion:   Dev-Online (39C831C9-5AE6-47DC-9A44-9C173E1C8E7C): 0
LogDevObjectVersion:   Dev-Physics (78F01B33-EBEA-4F98-B9B4-84EACCB95AA2): 4
LogDevObjectVersion:   Dev-Platform (6631380F-2D4D-43E0-8009-CF276956A95A): 0
LogDevObjectVersion:   Dev-Rendering (12F88B9F-8875-4AFC-A67C-D90C383ABD29): 43
LogDevObjectVersion:   Dev-Sequencer (7B5AE74C-D270-4C10-A958-57980B212A5A): 12
LogDevObjectVersion:   Dev-VR (D7296918-1DD6-4BDD-9DE2-64A83CC13884): 3
LogDevObjectVersion:   Dev-LoadTimes (C2A15278-BFE7-4AFE-6C17-90FF531DF755): 1
LogDevObjectVersion:   Private-Geometry (6EACA3D4-40EC-4CC1-B786-8BED09428FC5): 3
LogDevObjectVersion:   Dev-AnimPhys (29E575DD-E0A3-4627-9D10-D276232CDCEA): 17
LogDevObjectVersion:   Dev-Anim (AF43A65D-7FD3-4947-9873-3E8ED9C1BB05): 7
LogDevObjectVersion:   Dev-ReflectionCapture (6B266CEC-1EC7-4B8F-A30B-E4D90942FC07): 1
LogDevObjectVersion:   Dev-Automation (0DF73D61-A23F-47EA-B727-89E90C41499A): 1
LogDevObjectVersion:   FortniteMain (601D1886-AC64-4F84-AA16-D3DE0DEAC7D6): 31
LogDevObjectVersion:   Dev-Enterprise (9DFFBCD6-494F-0158-E221-12823C92A888): 10
LogDevObjectVersion:   Dev-Niagara (F2AED0AC-9AFE-416F-8664-AA7FFA26D6FC): 1
LogDevObjectVersion:   Dev-Destruction (174F1F0B-B4C6-45A5-B13F-2EE8D0FB917D): 10
LogDevObjectVersion:   Dev-Physics-Ext (35F94A83-E258-406C-A318-09F59610247C): 37
LogDevObjectVersion:   Dev-PhysicsMaterial-Chaos (B68FC16E-8B1B-42E2-B453-215C058844FE): 1
LogDevObjectVersion:   Dev-CineCamera (B2E18506-4273-CFC2-A54E-F4BB758BBA07): 1
LogInit: Presizing for max 2097152 objects, including 1 objects not considered by GC, pre-allocating 0 bytes for permanent pool.
LogConfig: Applying CVar settings from Section [/Script/Engine.StreamingSettings] File [../../../GlobalGameJam2021/Saved/Config/WindowsNoEditor/Engine.ini]
LogConfig: Setting CVar [[s.MinBulkDataSizeForAsyncLoading:131072]]
LogConfig: Setting CVar [[s.AsyncLoadingThreadEnabled:0]]
LogConfig: Setting CVar [[s.EventDrivenLoaderEnabled:1]]
LogConfig: Setting CVar [[s.WarnIfTimeLimitExceeded:0]]
LogConfig: Setting CVar [[s.TimeLimitExceededMultiplier:1.5]]
LogConfig: Setting CVar [[s.TimeLimitExceededMinTime:0.005]]
LogConfig: Setting CVar [[s.UseBackgroundLevelStreaming:1]]
LogConfig: Setting CVar [[s.PriorityAsyncLoadingExtraTime:15.0]]
LogConfig: Setting CVar [[s.LevelStreamingActorsUpdateTimeLimit:5.0]]
LogConfig: Setting CVar [[s.PriorityLevelStreamingActorsUpdateExtraTime:5.0]]
LogConfig: Setting CVar [[s.LevelStreamingComponentsRegistrationGranularity:10]]
LogConfig: Setting CVar [[s.UnregisterComponentsTimeLimit:1.0]]
LogConfig: Setting CVar [[s.LevelStreamingComponentsUnregistrationGranularity:5]]
LogConfig: Setting CVar [[s.FlushStreamingOnExit:1]]
LogStreaming: Display: Async Loading initialized: Event Driven Loader: true, Async Loading Thread: false, Async Post Load: true
LogInit: Object subsystem initialized
LogConfig: Setting CVar [[con.DebugEarlyDefault:1]]
LogConfig: Setting CVar [[r.setres:1280x720]]
LogConfig: Setting CVar [[fx.NiagaraAllowRuntimeScalabilityChanges:1]]
[2021.02.04-20.32.41:867][  0]LogConfig: Setting CVar [[con.DebugEarlyDefault:1]]
[2021.02.04-20.32.41:867][  0]LogConfig: Setting CVar [[r.setres:1280x720]]
[2021.02.04-20.32.41:867][  0]LogConfig: Setting CVar [[fx.NiagaraAllowRuntimeScalabilityChanges:1]]
[2021.02.04-20.32.41:868][  0]LogConfig: Applying CVar settings from Section [/Script/Engine.RendererSettings] File [../../../GlobalGameJam2021/Saved/Config/WindowsNoEditor/Engine.ini]
[2021.02.04-20.32.41:868][  0]LogConfig: Setting CVar [[r.GPUCrashDebugging:0]]
[2021.02.04-20.32.41:868][  0]LogConfig: Setting CVar [[r.DefaultFeature.AutoExposure:0]]
[2021.02.04-20.32.41:868][  0]LogConfig: Applying CVar settings from Section [/Script/Engine.RendererOverrideSettings] File [../../../GlobalGameJam2021/Saved/Config/WindowsNoEditor/Engine.ini]
[2021.02.04-20.32.41:868][  0]LogConfig: Applying CVar settings from Section [/Script/Engine.StreamingSettings] File [../../../GlobalGameJam2021/Saved/Config/WindowsNoEditor/Engine.ini]
[2021.02.04-20.32.41:868][  0]LogConfig: Setting CVar [[s.MinBulkDataSizeForAsyncLoading:131072]]
[2021.02.04-20.32.41:868][  0]LogConfig: Setting CVar [[s.AsyncLoadingThreadEnabled:0]]
[2021.02.04-20.32.41:868][  0]LogConfig: Setting CVar [[s.EventDrivenLoaderEnabled:1]]
[2021.02.04-20.32.41:868][  0]LogConfig: Setting CVar [[s.WarnIfTimeLimitExceeded:0]]
[2021.02.04-20.32.41:868][  0]LogConfig: Setting CVar [[s.TimeLimitExceededMultiplier:1.5]]
[2021.02.04-20.32.41:868][  0]LogConfig: Setting CVar [[s.TimeLimitExceededMinTime:0.005]]
[2021.02.04-20.32.41:868][  0]LogConfig: Setting CVar [[s.UseBackgroundLevelStreaming:1]]
[2021.02.04-20.32.41:868][  0]LogConfig: Setting CVar [[s.PriorityAsyncLoadingExtraTime:15.0]]
[2021.02.04-20.32.41:868][  0]LogConfig: Setting CVar [[s.LevelStreamingActorsUpdateTimeLimit:5.0]]
[2021.02.04-20.32.41:868][  0]LogConfig: Setting CVar [[s.PriorityLevelStreamingActorsUpdateExtraTime:5.0]]
[2021.02.04-20.32.41:868][  0]LogConfig: Setting CVar [[s.LevelStreamingComponentsRegistrationGranularity:10]]
[2021.02.04-20.32.41:868][  0]LogConfig: Setting CVar [[s.UnregisterComponentsTimeLimit:1.0]]
[2021.02.04-20.32.41:868][  0]LogConfig: Setting CVar [[s.LevelStreamingComponentsUnregistrationGranularity:5]]
[2021.02.04-20.32.41:868][  0]LogConfig: Setting CVar [[s.FlushStreamingOnExit:1]]
[2021.02.04-20.32.41:868][  0]LogConfig: Applying CVar settings from Section [/Script/Engine.GarbageCollectionSettings] File [../../../GlobalGameJam2021/Saved/Config/WindowsNoEditor/Engine.ini]
[2021.02.04-20.32.41:868][  0]LogConfig: Setting CVar [[gc.MaxObjectsNotConsideredByGC:1]]
[2021.02.04-20.32.41:868][  0]LogConfig: Setting CVar [[gc.SizeOfPermanentObjectPool:0]]
[2021.02.04-20.32.41:868][  0]LogConfig: Setting CVar [[gc.FlushStreamingOnGC:0]]
[2021.02.04-20.32.41:868][  0]LogConfig: Setting CVar [[gc.NumRetriesBeforeForcingGC:10]]
[2021.02.04-20.32.41:868][  0]LogConfig: Setting CVar [[gc.AllowParallelGC:1]]
[2021.02.04-20.32.41:868][  0]LogConfig: Setting CVar [[gc.TimeBetweenPurgingPendingKillObjects:61.1]]
[2021.02.04-20.32.41:868][  0]LogConfig: Setting CVar [[gc.MaxObjectsInEditor:25165824]]
[2021.02.04-20.32.41:868][  0]LogConfig: Setting CVar [[gc.IncrementalBeginDestroyEnabled:1]]
[2021.02.04-20.32.41:868][  0]LogConfig: Setting CVar [[gc.CreateGCClusters:1]]
[2021.02.04-20.32.41:868][  0]LogConfig: Setting CVar [[gc.MinGCClusterSize:5]]
[2021.02.04-20.32.41:868][  0]LogConfig: Setting CVar [[gc.ActorClusteringEnabled:0]]
[2021.02.04-20.32.41:868][  0]LogConfig: Setting CVar [[gc.BlueprintClusteringEnabled:0]]
[2021.02.04-20.32.41:868][  0]LogConfig: Setting CVar [[gc.UseDisregardForGCOnDedicatedServers:0]]
[2021.02.04-20.32.41:868][  0]LogConfig: Applying CVar settings from Section [/Script/Engine.NetworkSettings] File [../../../GlobalGameJam2021/Saved/Config/WindowsNoEditor/Engine.ini]
[2021.02.04-20.32.41:894][  0]LogConfig: Applying CVar settings from Section [ViewDistanceQuality@3] File [../../../GlobalGameJam2021/Saved/Config/WindowsNoEditor/Scalability.ini]
[2021.02.04-20.32.41:894][  0]LogConfig: Setting CVar [[r.SkeletalMeshLODBias:0]]
[2021.02.04-20.32.41:894][  0]LogConfig: Setting CVar [[r.ViewDistanceScale:1.0]]
[2021.02.04-20.32.41:894][  0]LogConfig: Applying CVar settings from Section [AntiAliasingQuality@3] File [../../../GlobalGameJam2021/Saved/Config/WindowsNoEditor/Scalability.ini]
[2021.02.04-20.32.41:894][  0]LogConfig: Setting CVar [[r.PostProcessAAQuality:4]]
[2021.02.04-20.32.41:894][  0]LogConfig: Applying CVar settings from Section [ShadowQuality@3] File [../../../GlobalGameJam2021/Saved/Config/WindowsNoEditor/Scalability.ini]
[2021.02.04-20.32.41:894][  0]LogConfig: Setting CVar [[r.LightFunctionQuality:1]]
[2021.02.04-20.32.41:894][  0]LogConfig: Setting CVar [[r.ShadowQuality:5]]
[2021.02.04-20.32.41:894][  0]LogConfig: Setting CVar [[r.Shadow.CSM.MaxCascades:10]]
[2021.02.04-20.32.41:894][  0]LogConfig: Setting CVar [[r.Shadow.MaxResolution:2048]]
[2021.02.04-20.32.41:894][  0]LogConfig: Setting CVar [[r.Shadow.MaxCSMResolution:2048]]
[2021.02.04-20.32.41:894][  0]LogConfig: Setting CVar [[r.Shadow.RadiusThreshold:0.01]]
[2021.02.04-20.32.41:894][  0]LogConfig: Setting CVar [[r.Shadow.DistanceScale:1.0]]
[2021.02.04-20.32.41:894][  0]LogConfig: Setting CVar [[r.Shadow.CSM.TransitionScale:1.0]]
[2021.02.04-20.32.41:894][  0]LogConfig: Setting CVar [[r.Shadow.PreShadowResolutionFactor:1.0]]
[2021.02.04-20.32.41:894][  0]LogConfig: Setting CVar [[r.DistanceFieldShadowing:1]]
[2021.02.04-20.32.41:894][  0]LogConfig: Setting CVar [[r.DistanceFieldAO:1]]
[2021.02.04-20.32.41:894][  0]LogConfig: Setting CVar [[r.AOQuality:2]]
[2021.02.04-20.32.41:894][  0]LogConfig: Setting CVar [[r.VolumetricFog:1]]
[2021.02.04-20.32.41:894][  0]LogConfig: Setting CVar [[r.VolumetricFog.GridPixelSize:8]]
[2021.02.04-20.32.41:894][  0]LogConfig: Setting CVar [[r.VolumetricFog.GridSizeZ:128]]
[2021.02.04-20.32.41:894][  0]LogConfig: Setting CVar [[r.VolumetricFog.HistoryMissSupersampleCount:4]]
[2021.02.04-20.32.41:894][  0]LogConfig: Setting CVar [[r.LightMaxDrawDistanceScale:1]]
[2021.02.04-20.32.41:894][  0]LogConfig: Setting CVar [[r.CapsuleShadows:1]]
[2021.02.04-20.32.41:894][  0]LogConfig: Applying CVar settings from Section [PostProcessQuality@3] File [../../../GlobalGameJam2021/Saved/Config/WindowsNoEditor/Scalability.ini]
[2021.02.04-20.32.41:894][  0]LogConfig: Setting CVar [[r.MotionBlurQuality:4]]
[2021.02.04-20.32.41:894][  0]LogConfig: Setting CVar [[r.AmbientOcclusionMipLevelFactor:0.4]]
[2021.02.04-20.32.41:894][  0]LogConfig: Setting CVar [[r.AmbientOcclusionMaxQuality:100]]
[2021.02.04-20.32.41:894][  0]LogConfig: Setting CVar [[r.AmbientOcclusionLevels:-1]]
[2021.02.04-20.32.41:894][  0]LogConfig: Setting CVar [[r.AmbientOcclusionRadiusScale:1.0]]
[2021.02.04-20.32.41:894][  0]LogConfig: Setting CVar [[r.DepthOfFieldQuality:2]]
[2021.02.04-20.32.41:894][  0]LogConfig: Setting CVar [[r.RenderTargetPoolMin:400]]
[2021.02.04-20.32.41:894][  0]LogConfig: Setting CVar [[r.LensFlareQuality:2]]
[2021.02.04-20.32.41:894][  0]LogConfig: Setting CVar [[r.SceneColorFringeQuality:1]]
[2021.02.04-20.32.41:894][  0]LogConfig: Setting CVar [[r.EyeAdaptationQuality:2]]
[2021.02.04-20.32.41:894][  0]LogConfig: Setting CVar [[r.BloomQuality:5]]
[2021.02.04-20.32.41:894][  0]LogConfig: Setting CVar [[r.FastBlurThreshold:100]]
[2021.02.04-20.32.41:894][  0]LogConfig: Setting CVar [[r.Upscale.Quality:3]]
[2021.02.04-20.32.41:894][  0]LogConfig: Setting CVar [[r.Tonemapper.GrainQuantization:1]]
[2021.02.04-20.32.41:894][  0]LogConfig: Setting CVar [[r.LightShaftQuality:1]]
[2021.02.04-20.32.41:894][  0]LogConfig: Setting CVar [[r.Filter.SizeScale:1]]
[2021.02.04-20.32.41:895][  0]LogConfig: Setting CVar [[r.Tonemapper.Quality:5]]
[2021.02.04-20.32.41:895][  0]LogConfig: Setting CVar [[r.DOF.Gather.AccumulatorQuality:1        ; higher gathering accumulator quality]]
[2021.02.04-20.32.41:895][  0]LogConfig: Setting CVar [[r.DOF.Gather.PostfilterMethod:1          ; Median3x3 postfilering method]]
[2021.02.04-20.32.41:895][  0]LogConfig: Setting CVar [[r.DOF.Gather.EnableBokehSettings:0       ; no bokeh simulation when gathering]]
[2021.02.04-20.32.41:895][  0]LogConfig: Setting CVar [[r.DOF.Gather.RingCount:4                 ; medium number of samples when gathering]]
[2021.02.04-20.32.41:895][  0]LogConfig: Setting CVar [[r.DOF.Scatter.ForegroundCompositing:1    ; additive foreground scattering]]
[2021.02.04-20.32.41:895][  0]LogConfig: Setting CVar [[r.DOF.Scatter.BackgroundCompositing:2    ; additive background scattering]]
[2021.02.04-20.32.41:895][  0]LogConfig: Setting CVar [[r.DOF.Scatter.EnableBokehSettings:1      ; bokeh simulation when scattering]]
[2021.02.04-20.32.41:895][  0]LogConfig: Setting CVar [[r.DOF.Scatter.MaxSpriteRatio:0.1         ; only a maximum of 10% of scattered bokeh]]
[2021.02.04-20.32.41:895][  0]LogConfig: Setting CVar [[r.DOF.Recombine.Quality:1                ; cheap slight out of focus]]
[2021.02.04-20.32.41:895][  0]LogConfig: Setting CVar [[r.DOF.Recombine.EnableBokehSettings:0    ; no bokeh simulation on slight out of focus]]
[2021.02.04-20.32.41:895][  0]LogConfig: Setting CVar [[r.DOF.TemporalAAQuality:1                ; more stable temporal accumulation]]
[2021.02.04-20.32.41:895][  0]LogConfig: Setting CVar [[r.DOF.Kernel.MaxForegroundRadius:0.025]]
[2021.02.04-20.32.41:895][  0]LogConfig: Setting CVar [[r.DOF.Kernel.MaxBackgroundRadius:0.025]]
[2021.02.04-20.32.41:895][  0]LogConfig: Applying CVar settings from Section [TextureQuality@3] File [../../../GlobalGameJam2021/Saved/Config/WindowsNoEditor/Scalability.ini]
[2021.02.04-20.32.41:895][  0]LogConfig: Setting CVar [[r.Streaming.MipBias:0]]
[2021.02.04-20.32.41:895][  0]LogConfig: Setting CVar [[r.Streaming.AmortizeCPUToGPUCopy:0]]
[2021.02.04-20.32.41:895][  0]LogConfig: Setting CVar [[r.Streaming.MaxNumTexturesToStreamPerFrame:0]]
[2021.02.04-20.32.41:895][  0]LogConfig: Setting CVar [[r.Streaming.Boost:1]]
[2021.02.04-20.32.41:895][  0]LogConfig: Setting CVar [[r.MaxAnisotropy:8]]
[2021.02.04-20.32.41:895][  0]LogConfig: Setting CVar [[r.VT.MaxAnisotropy:8]]
[2021.02.04-20.32.41:895][  0]LogConfig: Setting CVar [[r.Streaming.LimitPoolSizeToVRAM:0]]
[2021.02.04-20.32.41:895][  0]LogConfig: Setting CVar [[r.Streaming.PoolSize:1000]]
[2021.02.04-20.32.41:895][  0]LogConfig: Setting CVar [[r.Streaming.MaxEffectiveScreenSize:0]]
[2021.02.04-20.32.41:895][  0]LogConfig: Applying CVar settings from Section [EffectsQuality@3] File [../../../GlobalGameJam2021/Saved/Config/WindowsNoEditor/Scalability.ini]
[2021.02.04-20.32.41:895][  0]LogConfig: Setting CVar [[r.TranslucencyLightingVolumeDim:64]]
[2021.02.04-20.32.41:895][  0]LogConfig: Setting CVar [[r.RefractionQuality:2]]
[2021.02.04-20.32.41:895][  0]LogConfig: Setting CVar [[r.SSR.Quality:3]]
[2021.02.04-20.32.41:895][  0]LogConfig: Setting CVar [[r.SSR.HalfResSceneColor:0]]
[2021.02.04-20.32.41:895][  0]LogConfig: Setting CVar [[r.SceneColorFormat:4]]
[2021.02.04-20.32.41:895][  0]LogConfig: Setting CVar [[r.DetailMode:2]]
[2021.02.04-20.32.41:895][  0]LogConfig: Setting CVar [[r.TranslucencyVolumeBlur:1]]
[2021.02.04-20.32.41:895][  0]LogConfig: Setting CVar [[r.MaterialQualityLevel:1 ; High quality]]
[2021.02.04-20.32.41:895][  0]LogConfig: Setting CVar [[r.SSS.Scale:1]]
[2021.02.04-20.32.41:895][  0]LogConfig: Setting CVar [[r.SSS.SampleSet:2]]
[2021.02.04-20.32.41:895][  0]LogConfig: Setting CVar [[r.SSS.Quality:1]]
[2021.02.04-20.32.41:895][  0]LogConfig: Setting CVar [[r.SSS.HalfRes:0]]
[2021.02.04-20.32.41:895][  0]LogConfig: Setting CVar [[r.SSGI.Quality:3]]
[2021.02.04-20.32.41:895][  0]LogConfig: Setting CVar [[r.EmitterSpawnRateScale:1.0]]
[2021.02.04-20.32.41:895][  0]LogConfig: Setting CVar [[r.ParticleLightQuality:2]]
[2021.02.04-20.32.41:895][  0]LogConfig: Setting CVar [[r.SkyAtmosphere.AerialPerspectiveLUT.FastApplyOnOpaque:1 ; Always have FastSkyLUT 1 in this case to avoid wrong sky]]
[2021.02.04-20.32.41:895][  0]LogConfig: Setting CVar [[r.SkyAtmosphere.AerialPerspectiveLUT.SampleCountPerSlice:1]]
[2021.02.04-20.32.41:895][  0]LogConfig: Setting CVar [[r.SkyAtmosphere.AerialPerspectiveLUT.DepthResolution:16.0]]
[2021.02.04-20.32.41:895][  0]LogConfig: Setting CVar [[r.SkyAtmosphere.FastSkyLUT:1]]
[2021.02.04-20.32.41:895][  0]LogConfig: Setting CVar [[r.SkyAtmosphere.FastSkyLUT.SampleCountMin:4.0]]
[2021.02.04-20.32.41:895][  0]LogConfig: Setting CVar [[r.SkyAtmosphere.FastSkyLUT.SampleCountMax:32.0]]
[2021.02.04-20.32.41:895][  0]LogConfig: Setting CVar [[r.SkyAtmosphere.SampleCountMin:4.0]]
[2021.02.04-20.32.41:895][  0]LogConfig: Setting CVar [[r.SkyAtmosphere.SampleCountMax:32.0]]
[2021.02.04-20.32.41:895][  0]LogConfig: Setting CVar [[r.SkyAtmosphere.TransmittanceLUT.UseSmallFormat:0]]
[2021.02.04-20.32.41:895][  0]LogConfig: Setting CVar [[r.SkyAtmosphere.TransmittanceLUT.SampleCount:10.0]]
[2021.02.04-20.32.41:895][  0]LogConfig: Setting CVar [[r.SkyAtmosphere.MultiScatteringLUT.SampleCount:15.0]]
[2021.02.04-20.32.41:895][  0]LogConfig: Setting CVar [[fx.Niagara.QualityLevel:3]]
[2021.02.04-20.32.41:901][  0]LogConfig: Applying CVar settings from Section [FoliageQuality@3] File [../../../GlobalGameJam2021/Saved/Config/WindowsNoEditor/Scalability.ini]
[2021.02.04-20.32.41:901][  0]LogConfig: Setting CVar [[foliage.DensityScale:1.0]]
[2021.02.04-20.32.41:901][  0]LogConfig: Setting CVar [[grass.DensityScale:1.0]]
[2021.02.04-20.32.41:901][  0]LogConfig: Applying CVar settings from Section [ShadingQuality@3] File [../../../GlobalGameJam2021/Saved/Config/WindowsNoEditor/Scalability.ini]
[2021.02.04-20.32.41:901][  0]LogConfig: Setting CVar [[r.HairStrands.SkyLighting.SampleCount:16]]
[2021.02.04-20.32.41:901][  0]LogConfig: Setting CVar [[r.HairStrands.SkyLighting.JitterIntegration:0]]
[2021.02.04-20.32.41:901][  0]LogConfig: Setting CVar [[r.HairStrands.SkyAO.SampleCount:16]]
[2021.02.04-20.32.41:901][  0]LogConfig: Setting CVar [[r.HairStrands.DeepShadow.SuperSampling:0]]
[2021.02.04-20.32.41:901][  0]LogConfig: Setting CVar [[r.HairStrands.VisibilityPPLL:0]]
[2021.02.04-20.32.41:901][  0]LogConfig: Setting CVar [[r.HairStrands.RasterizationScale:0.5]]
[2021.02.04-20.32.41:901][  0]LogConfig: Setting CVar [[r.HairStrands.VelocityRasterizationScale:1]]
[2021.02.04-20.32.41:911][  0]LogInit: Selected Device Profile: [WindowsNoEditor]
[2021.02.04-20.32.41:911][  0]LogInit: Applying CVar settings loaded from the selected device profile: [WindowsNoEditor]
[2021.02.04-20.32.41:911][  0]LogHAL: Display: Platform has ~ 16 GB [17126813696 / 17179869184 / 16], which maps to Larger [LargestMinGB=32, LargerMinGB=12, DefaultMinGB=8, SmallerMinGB=6, SmallestMinGB=0)
[2021.02.04-20.32.41:911][  0]LogInit: Going up to parent DeviceProfile [Windows]
[2021.02.04-20.32.41:911][  0]LogInit: Going up to parent DeviceProfile []
[2021.02.04-20.32.41:911][  0]LogConfig: Applying CVar settings from Section [ViewDistanceQuality@3] File [../../../GlobalGameJam2021/Saved/Config/WindowsNoEditor/Scalability.ini]
[2021.02.04-20.32.41:911][  0]LogConfig: Setting CVar [[r.SkeletalMeshLODBias:0]]
[2021.02.04-20.32.41:911][  0]LogConfig: Setting CVar [[r.ViewDistanceScale:1.0]]
[2021.02.04-20.32.41:911][  0]LogConfig: Applying CVar settings from Section [AntiAliasingQuality@3] File [../../../GlobalGameJam2021/Saved/Config/WindowsNoEditor/Scalability.ini]
[2021.02.04-20.32.41:911][  0]LogConfig: Setting CVar [[r.PostProcessAAQuality:4]]
[2021.02.04-20.32.41:911][  0]LogConfig: Applying CVar settings from Section [ShadowQuality@3] File [../../../GlobalGameJam2021/Saved/Config/WindowsNoEditor/Scalability.ini]
[2021.02.04-20.32.41:911][  0]LogConfig: Setting CVar [[r.LightFunctionQuality:1]]
[2021.02.04-20.32.41:911][  0]LogConfig: Setting CVar [[r.ShadowQuality:5]]
[2021.02.04-20.32.41:911][  0]LogConfig: Setting CVar [[r.Shadow.CSM.MaxCascades:10]]
[2021.02.04-20.32.41:911][  0]LogConfig: Setting CVar [[r.Shadow.MaxResolution:2048]]
[2021.02.04-20.32.41:911][  0]LogConfig: Setting CVar [[r.Shadow.MaxCSMResolution:2048]]
[2021.02.04-20.32.41:911][  0]LogConfig: Setting CVar [[r.Shadow.RadiusThreshold:0.01]]
[2021.02.04-20.32.41:911][  0]LogConfig: Setting CVar [[r.Shadow.DistanceScale:1.0]]
[2021.02.04-20.32.41:911][  0]LogConfig: Setting CVar [[r.Shadow.CSM.TransitionScale:1.0]]
[2021.02.04-20.32.41:911][  0]LogConfig: Setting CVar [[r.Shadow.PreShadowResolutionFactor:1.0]]
[2021.02.04-20.32.41:911][  0]LogConfig: Setting CVar [[r.DistanceFieldShadowing:1]]
[2021.02.04-20.32.41:911][  0]LogConfig: Setting CVar [[r.DistanceFieldAO:1]]
[2021.02.04-20.32.41:911][  0]LogConfig: Setting CVar [[r.AOQuality:2]]
[2021.02.04-20.32.41:911][  0]LogConfig: Setting CVar [[r.VolumetricFog:1]]
[2021.02.04-20.32.41:911][  0]LogConfig: Setting CVar [[r.VolumetricFog.GridPixelSize:8]]
[2021.02.04-20.32.41:911][  0]LogConfig: Setting CVar [[r.VolumetricFog.GridSizeZ:128]]
[2021.02.04-20.32.41:911][  0]LogConfig: Setting CVar [[r.VolumetricFog.HistoryMissSupersampleCount:4]]
[2021.02.04-20.32.41:911][  0]LogConfig: Setting CVar [[r.LightMaxDrawDistanceScale:1]]
[2021.02.04-20.32.41:911][  0]LogConfig: Setting CVar [[r.CapsuleShadows:1]]
[2021.02.04-20.32.41:911][  0]LogConfig: Applying CVar settings from Section [PostProcessQuality@3] File [../../../GlobalGameJam2021/Saved/Config/WindowsNoEditor/Scalability.ini]
[2021.02.04-20.32.41:911][  0]LogConfig: Setting CVar [[r.MotionBlurQuality:4]]
[2021.02.04-20.32.41:911][  0]LogConfig: Setting CVar [[r.AmbientOcclusionMipLevelFactor:0.4]]
[2021.02.04-20.32.41:911][  0]LogConfig: Setting CVar [[r.AmbientOcclusionMaxQuality:100]]
[2021.02.04-20.32.41:911][  0]LogConfig: Setting CVar [[r.AmbientOcclusionLevels:-1]]
[2021.02.04-20.32.41:911][  0]LogConfig: Setting CVar [[r.AmbientOcclusionRadiusScale:1.0]]
[2021.02.04-20.32.41:911][  0]LogConfig: Setting CVar [[r.DepthOfFieldQuality:2]]
[2021.02.04-20.32.41:911][  0]LogConfig: Setting CVar [[r.RenderTargetPoolMin:400]]
[2021.02.04-20.32.41:911][  0]LogConfig: Setting CVar [[r.LensFlareQuality:2]]
[2021.02.04-20.32.41:911][  0]LogConfig: Setting CVar [[r.SceneColorFringeQuality:1]]
[2021.02.04-20.32.41:911][  0]LogConfig: Setting CVar [[r.EyeAdaptationQuality:2]]
[2021.02.04-20.32.41:911][  0]LogConfig: Setting CVar [[r.BloomQuality:5]]
[2021.02.04-20.32.41:911][  0]LogConfig: Setting CVar [[r.FastBlurThreshold:100]]
[2021.02.04-20.32.41:911][  0]LogConfig: Setting CVar [[r.Upscale.Quality:3]]
[2021.02.04-20.32.41:911][  0]LogConfig: Setting CVar [[r.Tonemapper.GrainQuantization:1]]
[2021.02.04-20.32.41:911][  0]LogConfig: Setting CVar [[r.LightShaftQuality:1]]
[2021.02.04-20.32.41:911][  0]LogConfig: Setting CVar [[r.Filter.SizeScale:1]]
[2021.02.04-20.32.41:911][  0]LogConfig: Setting CVar [[r.Tonemapper.Quality:5]]
[2021.02.04-20.32.41:911][  0]LogConfig: Setting CVar [[r.DOF.Gather.AccumulatorQuality:1        ; higher gathering accumulator quality]]
[2021.02.04-20.32.41:911][  0]LogConfig: Setting CVar [[r.DOF.Gather.PostfilterMethod:1          ; Median3x3 postfilering method]]
[2021.02.04-20.32.41:912][  0]LogConfig: Setting CVar [[r.DOF.Gather.EnableBokehSettings:0       ; no bokeh simulation when gathering]]
[2021.02.04-20.32.41:912][  0]LogConfig: Setting CVar [[r.DOF.Gather.RingCount:4                 ; medium number of samples when gathering]]
[2021.02.04-20.32.41:912][  0]LogConfig: Setting CVar [[r.DOF.Scatter.ForegroundCompositing:1    ; additive foreground scattering]]
[2021.02.04-20.32.41:912][  0]LogConfig: Setting CVar [[r.DOF.Scatter.BackgroundCompositing:2    ; additive background scattering]]
[2021.02.04-20.32.41:912][  0]LogConfig: Setting CVar [[r.DOF.Scatter.EnableBokehSettings:1      ; bokeh simulation when scattering]]
[2021.02.04-20.32.41:912][  0]LogConfig: Setting CVar [[r.DOF.Scatter.MaxSpriteRatio:0.1         ; only a maximum of 10% of scattered bokeh]]
[2021.02.04-20.32.41:912][  0]LogConfig: Setting CVar [[r.DOF.Recombine.Quality:1                ; cheap slight out of focus]]
[2021.02.04-20.32.41:912][  0]LogConfig: Setting CVar [[r.DOF.Recombine.EnableBokehSettings:0    ; no bokeh simulation on slight out of focus]]
[2021.02.04-20.32.41:912][  0]LogConfig: Setting CVar [[r.DOF.TemporalAAQuality:1                ; more stable temporal accumulation]]
[2021.02.04-20.32.41:912][  0]LogConfig: Setting CVar [[r.DOF.Kernel.MaxForegroundRadius:0.025]]
[2021.02.04-20.32.41:912][  0]LogConfig: Setting CVar [[r.DOF.Kernel.MaxBackgroundRadius:0.025]]
[2021.02.04-20.32.41:912][  0]LogConfig: Applying CVar settings from Section [TextureQuality@3] File [../../../GlobalGameJam2021/Saved/Config/WindowsNoEditor/Scalability.ini]
[2021.02.04-20.32.41:912][  0]LogConfig: Setting CVar [[r.Streaming.MipBias:0]]
[2021.02.04-20.32.41:912][  0]LogConfig: Setting CVar [[r.Streaming.AmortizeCPUToGPUCopy:0]]
[2021.02.04-20.32.41:912][  0]LogConfig: Setting CVar [[r.Streaming.MaxNumTexturesToStreamPerFrame:0]]
[2021.02.04-20.32.41:912][  0]LogConfig: Setting CVar [[r.Streaming.Boost:1]]
[2021.02.04-20.32.41:912][  0]LogConfig: Setting CVar [[r.MaxAnisotropy:8]]
[2021.02.04-20.32.41:912][  0]LogConfig: Setting CVar [[r.VT.MaxAnisotropy:8]]
[2021.02.04-20.32.41:912][  0]LogConfig: Setting CVar [[r.Streaming.LimitPoolSizeToVRAM:0]]
[2021.02.04-20.32.41:912][  0]LogConfig: Setting CVar [[r.Streaming.PoolSize:1000]]
[2021.02.04-20.32.41:912][  0]LogConfig: Setting CVar [[r.Streaming.MaxEffectiveScreenSize:0]]
[2021.02.04-20.32.41:912][  0]LogConfig: Applying CVar settings from Section [EffectsQuality@3] File [../../../GlobalGameJam2021/Saved/Config/WindowsNoEditor/Scalability.ini]
[2021.02.04-20.32.41:912][  0]LogConfig: Setting CVar [[r.TranslucencyLightingVolumeDim:64]]
[2021.02.04-20.32.41:912][  0]LogConfig: Setting CVar [[r.RefractionQuality:2]]
[2021.02.04-20.32.41:912][  0]LogConfig: Setting CVar [[r.SSR.Quality:3]]
[2021.02.04-20.32.41:912][  0]LogConfig: Setting CVar [[r.SSR.HalfResSceneColor:0]]
[2021.02.04-20.32.41:912][  0]LogConfig: Setting CVar [[r.SceneColorFormat:4]]
[2021.02.04-20.32.41:912][  0]LogConfig: Setting CVar [[r.DetailMode:2]]
[2021.02.04-20.32.41:912][  0]LogConfig: Setting CVar [[r.TranslucencyVolumeBlur:1]]
[2021.02.04-20.32.41:912][  0]LogConfig: Setting CVar [[r.MaterialQualityLevel:1 ; High quality]]
[2021.02.04-20.32.41:912][  0]LogConfig: Setting CVar [[r.SSS.Scale:1]]
[2021.02.04-20.32.41:912][  0]LogConfig: Setting CVar [[r.SSS.SampleSet:2]]
[2021.02.04-20.32.41:912][  0]LogConfig: Setting CVar [[r.SSS.Quality:1]]
[2021.02.04-20.32.41:912][  0]LogConfig: Setting CVar [[r.SSS.HalfRes:0]]
[2021.02.04-20.32.41:912][  0]LogConfig: Setting CVar [[r.SSGI.Quality:3]]
[2021.02.04-20.32.41:912][  0]LogConfig: Setting CVar [[r.EmitterSpawnRateScale:1.0]]
[2021.02.04-20.32.41:912][  0]LogConfig: Setting CVar [[r.ParticleLightQuality:2]]
[2021.02.04-20.32.41:912][  0]LogConfig: Setting CVar [[r.SkyAtmosphere.AerialPerspectiveLUT.FastApplyOnOpaque:1 ; Always have FastSkyLUT 1 in this case to avoid wrong sky]]
[2021.02.04-20.32.41:912][  0]LogConfig: Setting CVar [[r.SkyAtmosphere.AerialPerspectiveLUT.SampleCountPerSlice:1]]
[2021.02.04-20.32.41:912][  0]LogConfig: Setting CVar [[r.SkyAtmosphere.AerialPerspectiveLUT.DepthResolution:16.0]]
[2021.02.04-20.32.41:912][  0]LogConfig: Setting CVar [[r.SkyAtmosphere.FastSkyLUT:1]]
[2021.02.04-20.32.41:912][  0]LogConfig: Setting CVar [[r.SkyAtmosphere.FastSkyLUT.SampleCountMin:4.0]]
[2021.02.04-20.32.41:912][  0]LogConfig: Setting CVar [[r.SkyAtmosphere.FastSkyLUT.SampleCountMax:32.0]]
[2021.02.04-20.32.41:912][  0]LogConfig: Setting CVar [[r.SkyAtmosphere.SampleCountMin:4.0]]
[2021.02.04-20.32.41:912][  0]LogConfig: Setting CVar [[r.SkyAtmosphere.SampleCountMax:32.0]]
[2021.02.04-20.32.41:912][  0]LogConfig: Setting CVar [[r.SkyAtmosphere.TransmittanceLUT.UseSmallFormat:0]]
[2021.02.04-20.32.41:912][  0]LogConfig: Setting CVar [[r.SkyAtmosphere.TransmittanceLUT.SampleCount:10.0]]
[2021.02.04-20.32.41:912][  0]LogConfig: Setting CVar [[r.SkyAtmosphere.MultiScatteringLUT.SampleCount:15.0]]
[2021.02.04-20.32.41:912][  0]LogConfig: Setting CVar [[fx.Niagara.QualityLevel:3]]
[2021.02.04-20.32.41:912][  0]LogConfig: Applying CVar settings from Section [FoliageQuality@3] File [../../../GlobalGameJam2021/Saved/Config/WindowsNoEditor/Scalability.ini]
[2021.02.04-20.32.41:912][  0]LogConfig: Setting CVar [[foliage.DensityScale:1.0]]
[2021.02.04-20.32.41:912][  0]LogConfig: Setting CVar [[grass.DensityScale:1.0]]
[2021.02.04-20.32.41:912][  0]LogConfig: Applying CVar settings from Section [ShadingQuality@3] File [../../../GlobalGameJam2021/Saved/Config/WindowsNoEditor/Scalability.ini]
[2021.02.04-20.32.41:912][  0]LogConfig: Setting CVar [[r.HairStrands.SkyLighting.SampleCount:16]]
[2021.02.04-20.32.41:912][  0]LogConfig: Setting CVar [[r.HairStrands.SkyLighting.JitterIntegration:0]]
[2021.02.04-20.32.41:912][  0]LogConfig: Setting CVar [[r.HairStrands.SkyAO.SampleCount:16]]
[2021.02.04-20.32.41:912][  0]LogConfig: Setting CVar [[r.HairStrands.DeepShadow.SuperSampling:0]]
[2021.02.04-20.32.41:912][  0]LogConfig: Setting CVar [[r.HairStrands.VisibilityPPLL:0]]
[2021.02.04-20.32.41:912][  0]LogConfig: Setting CVar [[r.HairStrands.RasterizationScale:0.5]]
[2021.02.04-20.32.41:912][  0]LogConfig: Setting CVar [[r.HairStrands.VelocityRasterizationScale:1]]
[2021.02.04-20.32.41:912][  0]LogConfig: Applying CVar settings from Section [Startup] File [../../../Engine/Config/ConsoleVariables.ini]
[2021.02.04-20.32.41:912][  0]LogConfig: Setting CVar [[net.UseAdaptiveNetUpdateFrequency:0]]
[2021.02.04-20.32.41:912][  0]LogConfig: Setting CVar [[p.chaos.AllowCreatePhysxBodies:1]]
[2021.02.04-20.32.41:912][  0]LogConfig: Setting CVar [[fx.SkipVectorVMBackendOptimizations:1]]
[2021.02.04-20.32.41:912][  0]LogConfig: Applying CVar settings from Section [ConsoleVariables] File [../../../GlobalGameJam2021/Saved/Config/WindowsNoEditor/Engine.ini]
[2021.02.04-20.32.41:912][  0]LogInit: Computer: DESKTOP-ROGPR0A
[2021.02.04-20.32.41:912][  0]LogInit: User: Yvan
[2021.02.04-20.32.41:912][  0]LogInit: CPU Page size=4096, Cores=8
[2021.02.04-20.32.41:913][  0]LogInit: High frequency timer resolution =10.000000 MHz
[2021.02.04-20.32.41:913][  0]LogMemory: Memory total: Physical=16.0GB (16GB approx)
[2021.02.04-20.32.41:913][  0]LogMemory: Platform Memory Stats for WindowsNoEditor
[2021.02.04-20.32.41:913][  0]LogMemory: Process Physical Memory: 70.11 MB used, 70.11 MB peak
[2021.02.04-20.32.41:913][  0]LogMemory: Process Virtual Memory: 75.71 MB used, 75.71 MB peak
[2021.02.04-20.32.41:913][  0]LogMemory: Physical Memory: 7653.50 MB used,  8679.91 MB free, 16333.40 MB total
[2021.02.04-20.32.41:913][  0]LogMemory: Virtual Memory: 4994.39 MB used,  134212736.00 MB free, 134217728.00 MB total
[2021.02.04-20.32.41:920][  0]LogWindows: WindowsPlatformFeatures enabled
[2021.02.04-20.32.42:554][  0]LogInit: Physics initialised using underlying interface: PhysX
[2021.02.04-20.32.42:560][  0]LogInit: Using OS detected language (fr-FR).
[2021.02.04-20.32.42:560][  0]LogInit: Using OS detected locale (fr-FR).
[2021.02.04-20.32.42:566][  0]LogTextLocalizationManager: No localization for 'fr-FR' exists, so 'en' will be used for the language.
[2021.02.04-20.32.42:566][  0]LogTextLocalizationManager: No localization for 'fr-FR' exists, so 'en' will be used for the locale.
[2021.02.04-20.32.42:827][  0]LogSlate: New Slate User Created.  User Index 0, Is Virtual User: 0
[2021.02.04-20.32.42:827][  0]LogSlate: Slate User Registered.  User Index 0, Is Virtual User: 0
[2021.02.04-20.32.42:923][  0]LogHMD: Failed to initialize OpenVR with code 110
[2021.02.04-20.32.42:923][  0]LogD3D11RHI: D3D11 min allowed feature level: 11_0
[2021.02.04-20.32.42:923][  0]LogD3D11RHI: D3D11 max allowed feature level: 11_0
[2021.02.04-20.32.42:923][  0]LogD3D11RHI: D3D11 adapters:
[2021.02.04-20.32.43:091][  0]LogD3D11RHI:    0. 'NVIDIA GeForce RTX 2070' (Feature Level 11_0)
[2021.02.04-20.32.43:091][  0]LogD3D11RHI:       8031/0/8166 MB DedicatedVideo/DedicatedSystem/SharedSystem, Outputs:1, VendorId:0x10de
[2021.02.04-20.32.43:097][  0]LogD3D11RHI:    1. 'Microsoft Basic Render Driver' (Feature Level 11_0)
[2021.02.04-20.32.43:097][  0]LogD3D11RHI:       0/0/8166 MB DedicatedVideo/DedicatedSystem/SharedSystem, Outputs:0, VendorId:0x1414
[2021.02.04-20.32.43:097][  0]LogD3D11RHI: Chosen D3D11 Adapter: 0
[2021.02.04-20.32.43:107][  0]LogD3D11RHI: Creating new Direct3DDevice
[2021.02.04-20.32.43:107][  0]LogD3D11RHI:     GPU DeviceId: 0x1f02 (for the marketing name, search the web for "GPU Device Id")
[2021.02.04-20.32.43:107][  0]LogWindows: EnumDisplayDevices:
[2021.02.04-20.32.43:107][  0]LogWindows:    0. 'NVIDIA GeForce RTX 2070' (P:1 D:1)
[2021.02.04-20.32.43:107][  0]LogWindows:    1. 'NVIDIA GeForce RTX 2070' (P:0 D:0)
[2021.02.04-20.32.43:108][  0]LogWindows:    2. 'NVIDIA GeForce RTX 2070' (P:0 D:0)
[2021.02.04-20.32.43:108][  0]LogWindows:    3. 'NVIDIA GeForce RTX 2070' (P:0 D:0)
[2021.02.04-20.32.43:108][  0]LogWindows: DebugString: FoundDriverCount:4 
[2021.02.04-20.32.43:108][  0]LogD3D11RHI:     Adapter Name: NVIDIA GeForce RTX 2070
[2021.02.04-20.32.43:108][  0]LogD3D11RHI:   Driver Version: 457.30 (internal:27.21.14.5730, unified:457.30)
[2021.02.04-20.32.43:108][  0]LogD3D11RHI:      Driver Date: 11-6-2020
[2021.02.04-20.32.43:108][  0]LogRHI: Texture pool is 5621 MB (70% of 8031 MB)
[2021.02.04-20.32.43:240][  0]LogD3D11RHI: RHI has support for 64 bit atomics
[2021.02.04-20.32.43:241][  0]LogD3D11RHI: Async texture creation enabled
[2021.02.04-20.32.43:241][  0]LogD3D11RHI: Array index from any shader is supported
[2021.02.04-20.32.43:521][  0]LogD3D11RHI: GPU Timing Frequency: 1000.000000 (Debug: 2 1)
[2021.02.04-20.32.43:573][  0]LogShaderLibrary: Display: Using ../../../GlobalGameJam2021/Content/ShaderArchive-Global-PCD3D_SM5.ushaderbytecode for material shader code. Total 2058 unique shaders.
[2021.02.04-20.32.43:573][  0]LogShaderLibrary: Display: Cooked Context: Using Shared Shader Library Global
[2021.02.04-20.32.43:590][  0]LogTemp: Warning: Clearing the OS Cache
[2021.02.04-20.32.43:814][  0]LogPakFile: New pak file ../../../GlobalGameJam2021/Content/Paks/GlobalGameJam2021-WindowsNoEditor.pak added to pak precacher.
[2021.02.04-20.32.44:160][  0]LogSlate: Using FreeType 2.10.0
[2021.02.04-20.32.44:286][  0]LogSlate: SlateFontServices - WITH_FREETYPE: 1, WITH_HARFBUZZ: 1
[2021.02.04-20.32.44:691][  0]LogShaderLibrary: Display: Using ../../../GlobalGameJam2021/Content/ShaderArchive-GlobalGameJam2021-PCD3D_SM5.ushaderbytecode for material shader code. Total 2222 unique shaders.
[2021.02.04-20.32.44:691][  0]LogShaderLibrary: Display: Cooked Context: Using Shared Shader Library GlobalGameJam2021
[2021.02.04-20.32.44:691][  0]LogRHI: Display: Opened pipeline cache after state change and enqueued 0 of 0 tasks for precompile.
[2021.02.04-20.32.44:691][  0]LogRHI: Display: Failed to open default shader pipeline cache for GlobalGameJam2021 using shader platform 0.
[2021.02.04-20.32.44:691][  0]LogInit: Using OS detected language (fr-FR).
[2021.02.04-20.32.44:691][  0]LogInit: Using OS detected locale (fr-FR).
[2021.02.04-20.32.44:691][  0]LogTextLocalizationManager: No localization for 'fr-FR' exists, so 'en' will be used for the language.
[2021.02.04-20.32.44:691][  0]LogTextLocalizationManager: No localization for 'fr-FR' exists, so 'en' will be used for the locale.
[2021.02.04-20.32.44:692][  0]LogTextLocalizationManager: Compacting localization data took   0.54ms
[2021.02.04-20.32.44:835][  0]LogAssetRegistry: FAssetRegistry took 0.1344 seconds to start up
[2021.02.04-20.32.45:477][  0]LogStreaming: Display: Flushing async loaders.
[2021.02.04-20.32.45:510][  0]LogPackageLocalizationCache: Processed 21 localized package path(s) for 1 prioritized culture(s) in 0.003605 seconds
[2021.02.04-20.32.45:873][  0]LogInit: Selected Device Profile: [WindowsNoEditor]
[2021.02.04-20.32.46:299][  0]LogNetVersion: GlobalGameJam2021 1.0.0, NetCL: 13144385, EngineNetVer: 14, GameNetVer: 0 (Checksum: 3244104066)
[2021.02.04-20.32.47:313][  0]LogAudioCaptureCore: Display: No Audio Capture implementations found. Audio input will be silent.
[2021.02.04-20.32.47:313][  0]LogAudioCaptureCore: Display: No Audio Capture implementations found. Audio input will be silent.
[2021.02.04-20.32.47:670][  0]LogAISub: UAISubsystem::UAISubsystem AISubsystem (0000022D18EDF9C0), frame # 0
[2021.02.04-20.32.47:670][  0]LogAISub: UAISubsystem::UAISubsystem AIPerceptionSystem (0000022D187A54C0), frame # 0
[2021.02.04-20.32.47:674][  0]LogAISub: UAISubsystem::UAISubsystem EnvQueryManager (0000022D1860D400), frame # 0
[2021.02.04-20.32.48:055][  0]LogMoviePlayer: Initializing movie player
[2021.02.04-20.32.48:097][  0]LogAkAudio: Wwise(R) SDK Version 2019.2.5 Build 7349. Copyright (c) 2006-2019 Audiokinetic Inc.
[2021.02.04-20.32.48:247][  0]LogAkAudio: Wwise plug-in DLL path: F:/Jam/GlobalGameJam2021/Content/Build/WindowsNoEditor/GlobalGameJam2021/Plugins/Wwise/ThirdParty/x64_vc160/Profile/bin/
[2021.02.04-20.32.48:269][  0]LogAkAudio: Wwise remote connection application name: GlobalGameJam2021
[2021.02.04-20.32.48:269][  0]LogAkAudio: Wwise successfully initialized.
[2021.02.04-20.32.48:434][  0]LogAkAudio: Initialization complete.
[2021.02.04-20.32.48:434][  0]LogInit: Audiokinetic Audio Device initialized.
[2021.02.04-20.32.48:733][  0]LogAndroidPermission: UAndroidPermissionCallbackProxy::GetInstance
[2021.02.04-20.32.48:742][  0]LogOcInput: OculusInput pre-init called
[2021.02.04-20.32.48:758][  0]LogUObjectArray: 14753 objects as part of root set at end of initial load.
[2021.02.04-20.32.48:758][  0]LogUObjectArray: 2 objects are not in the root set, but can never be destroyed because they are in the DisregardForGC set.
[2021.02.04-20.32.48:758][  0]LogUObjectAllocator: 2973432 out of 0 bytes used by permanent object pool.
[2021.02.04-20.32.48:758][  0]LogUObjectArray: CloseDisregardForGC: 14753/14753 objects in disregard for GC pool
[2021.02.04-20.32.48:801][  0]LogEngine: Initializing Engine...
[2021.02.04-20.32.48:807][  0]LogHMD: Failed to initialize OpenVR with code 110
[2021.02.04-20.32.48:826][  0]LogStats: UGameplayTagsManager::InitializeManager -  0.011 s
[2021.02.04-20.32.49:260][  0]LogPakFile: Precache HighWater 16MB

[2021.02.04-20.32.49:260][  0]LogPakFile: Precache HighWater 32MB

[2021.02.04-20.32.49:260][  0]LogInit: Initializing FReadOnlyCVARCache
[2021.02.04-20.32.49:292][  0]LogAudioMixer: Display: Audio Mixer Platform Settings:
[2021.02.04-20.32.49:292][  0]LogAudioMixer: Display: 	Sample Rate:						  48000
[2021.02.04-20.32.49:292][  0]LogAudioMixer: Display: 	Callback Buffer Frame Size Requested: 1024
[2021.02.04-20.32.49:292][  0]LogAudioMixer: Display: 	Callback Buffer Frame Size To Use:	  1024
[2021.02.04-20.32.49:292][  0]LogAudioMixer: Display: 	Number of buffers to queue:			  2
[2021.02.04-20.32.49:292][  0]LogAudioMixer: Display: 	Max Channels (voices):				  32
[2021.02.04-20.32.49:292][  0]LogAudioMixer: Display: 	Number of Async Source Workers:		  0
[2021.02.04-20.32.49:292][  0]LogAudio: Display: AudioDevice MaxSources: 32
[2021.02.04-20.32.49:301][  0]LogAudio: Display: Using built-in audio occlusion.
[2021.02.04-20.32.49:301][  0]LogAudioMixer: Display: Initializing audio mixer.
[2021.02.04-20.32.49:541][  0]LogAudioDebug: Display: Lib vorbis DLL was dynamically loaded.
[2021.02.04-20.32.49:545][  0]LogAudioMixer: Display: 0: FrontLeft
[2021.02.04-20.32.49:545][  0]LogAudioMixer: Display: 1: FrontRight
[2021.02.04-20.32.49:567][  0]LogAudioMixer: Display: Using Audio Device Haut-parleurs (GAMING HEADSETS)
[2021.02.04-20.32.49:593][  0]LogAudioMixer: Display: Initializing Sound Submixes...
[2021.02.04-20.32.49:594][  0]LogAudioMixer: Display: Creating Master Submix 'MasterSubmixDefault'
[2021.02.04-20.32.49:601][  0]LogAudioMixer: Display: Creating Master Submix 'MasterReverbSubmixDefault'
[2021.02.04-20.32.49:602][  0]LogAudioMixer: Display: Creating Master Submix 'MasterEQSubmixDefault'
[2021.02.04-20.32.49:603][  0]LogInit: FAudioDevice initialized.
[2021.02.04-20.32.49:626][  0]LogNetVersion: Set ProjectVersion to 1.0.0.0. Version Checksum will be recalculated on next use.
[2021.02.04-20.32.49:626][  0]LogInit: Texture streaming: Enabled
[2021.02.04-20.32.50:209][  0]LogSlate: Updating window title bar state: overlay mode, drag disabled, window buttons hidden, title bar hidden
[2021.02.04-20.32.50:241][  0]LogInit: Display: Game Engine Initialized.
[2021.02.04-20.32.50:281][  0]LogInit: Display: Starting Game.
[2021.02.04-20.32.50:289][  0]LogNet: Browse: /Game/DEV/ThirdPersonBP/Maps/Test_Menu_UI?Name=Player
[2021.02.04-20.32.50:299][  0]LogLoad: LoadMap: /Game/DEV/ThirdPersonBP/Maps/Test_Menu_UI?Name=Player
[2021.02.04-20.32.50:299][  0]LogWorld: BeginTearingDown for /Temp/Untitled_0
[2021.02.04-20.32.50:422][  0]LogWorld: UWorld::CleanupWorld for Untitled, bSessionEnded=true, bCleanupResources=true
[2021.02.04-20.32.50:443][  0]LogSlate: InvalidateAllWidgets triggered.  All widgets were invalidated
[2021.02.04-20.32.50:664][  0]LogUObjectHash: Compacting FUObjectHashTables data took  58.31ms
[2021.02.04-20.32.51:149][  0]LogAIModule: Creating AISystem for world Test_Menu_UI
[2021.02.04-20.32.51:149][  0]LogAISub: UAISubsystem::UAISubsystem EnvQueryManager (0000022D6FEE1A00), frame # 0
[2021.02.04-20.32.51:149][  0]LogAISub: UAISubsystem::UAISubsystem AIPerceptionSystem (0000022D7044DD00), frame # 0
[2021.02.04-20.32.51:150][  0]LogLoad: Game class is 'GameModeMenu_C'
[2021.02.04-20.32.51:181][  0]LogWorld: Bringing World /Game/DEV/ThirdPersonBP/Maps/Test_Menu_UI.Test_Menu_UI up for play (max tick rate 0) at 2021.02.04-21.32.51
[2021.02.04-20.32.51:181][  0]LogWorld: Bringing up level for play took: 0.008353
[2021.02.04-20.32.51:265][  0]LogGameMode: FindPlayerStart: PATHS NOT DEFINED or NO PLAYERSTART with positive rating
[2021.02.04-20.32.51:460][  0]LogGameMode: Display: Match State Changed from EnteringMap to WaitingToStart
[2021.02.04-20.32.51:460][  0]LogGameState: Match State Changed from EnteringMap to WaitingToStart
[2021.02.04-20.32.51:460][  0]LogGameMode: Display: Match State Changed from WaitingToStart to InProgress
[2021.02.04-20.32.51:586][  0]LogUMG: Display: Widget Class WG_Menu_C - Loaded Fast Template.
[2021.02.04-20.32.51:694][  0]LogGameState: Match State Changed from WaitingToStart to InProgress
[2021.02.04-20.32.51:708][  0]LogLoad: Took 1.404491 seconds to LoadMap(/Game/DEV/ThirdPersonBP/Maps/Test_Menu_UI)
[2021.02.04-20.32.51:776][  0]LogSlate: Took 0.000069 seconds to synchronously load lazily loaded font '../../../GlobalGameJam2021/Content/DEV/Widgets/Menu/Fonts/Horrormaster.ufont' (24K)
[2021.02.04-20.32.51:796][  0]LogSlate: Took 0.014270 seconds to synchronously load lazily loaded font '../../../GlobalGameJam2021/Content/DEV/Widgets/Menu/Fonts/RealHorror-Regular.ufont' (1246K)
[2021.02.04-20.32.52:138][  0]LogRHI: Display: ShaderPipelineCache: Paused Batching. 1
[2021.02.04-20.32.52:138][  0]LogRHI: Display: ShaderPipelineCache: Resumed Batching. 0
[2021.02.04-20.32.52:138][  0]LogRHI: Display: ShaderPipelineCache: Batching Resumed.
[2021.02.04-20.32.52:155][  0]LogLoad: (Engine Initialization) Total time: 14.13 seconds
[2021.02.04-20.32.52:200][  0]LogRenderer: Reallocating scene render targets to support 1920x1080 Format 10 NumSamples 1 (Frame:1).
[2021.02.04-20.32.52:574][  0]LogContentStreaming: Texture pool size now 1000 MB
[2021.02.04-20.32.54:269][641]LogAkWaapiClient: Warning: Failed to connect to WAAPI client on local host. Trying again in 2 seconds.
[2021.02.04-20.32.58:281][535]Closing by request
[2021.02.04-20.32.58:281][535]LogWindows: FPlatformMisc::RequestExit(0)
[2021.02.04-20.32.58:281][535]LogCore: Engine exit requested (reason: Win RequestExit)
[2021.02.04-20.32.58:288][536]LogCore: Engine exit requested (reason: EngineExit() was called; note: exit was already requested)
[2021.02.04-20.32.58:429][536]LogAudio: Display: Shutting down audio device while 2 references to it are still alive. For more information, compile with INSTRUMENT_AUDIODEVICE_HANDLES.
[2021.02.04-20.32.58:451][536]LogInit: Display: PreExit Game.
[2021.02.04-20.32.58:482][536]LogWorld: BeginTearingDown for /Game/DEV/ThirdPersonBP/Maps/Test_Menu_UI
[2021.02.04-20.32.58:525][536]LogWorld: UWorld::CleanupWorld for Test_Menu_UI, bSessionEnded=true, bCleanupResources=true
[2021.02.04-20.32.58:539][536]LogSlate: InvalidateAllWidgets triggered.  All widgets were invalidated
[2021.02.04-20.32.58:826][536]LogSlate: Request Window 'GlobalGameJam2021 (64-bit Development PCD3D_SM5) ' being destroyed
[2021.02.04-20.32.58:833][536]LogSlate: Window 'GlobalGameJam2021 (64-bit Development PCD3D_SM5) ' being destroyed
[2021.02.04-20.32.58:834][536]LogWindowsTextInputMethodSystem: Display: IME system now deactivated.
[2021.02.04-20.32.58:932][536]LogExit: Preparing to exit.
[2021.02.04-20.33.00:303][536]LogAkWaapiClient: Warning: Failed to connect to WAAPI client on local host. Trying again in 4 seconds.
[2021.02.04-20.33.00:303][536]LogMoviePlayer: Shutting down movie player
[2021.02.04-20.33.00:458][536]LogSlate: Updating window title bar state: overlay mode, drag disabled, window buttons hidden, title bar hidden
[2021.02.04-20.33.00:667][536]LogExit: Game engine shut down
[2021.02.04-20.33.00:762][536]LogDemo: Cleaned up 0 splitscreen connections with owner deletion
[2021.02.04-20.33.00:854][536]LogAISub: UAISubsystem::~UAISubsystem AISubsystem (0000022D18EDF9C0), frame # 2536
[2021.02.04-20.33.00:854][536]LogAISub: UAISubsystem::~UAISubsystem AIPerceptionSystem (0000022D187A54C0), frame # 2536
[2021.02.04-20.33.00:854][536]LogAISub: UAISubsystem::~UAISubsystem EnvQueryManager (0000022D1860D400), frame # 2536
[2021.02.04-20.33.01:041][536]LogAISub: UAISubsystem::~UAISubsystem EnvQueryManager (0000022D6FEE1A00), frame # 2536
[2021.02.04-20.33.01:041][536]LogAISub: UAISubsystem::~UAISubsystem AIPerceptionSystem (0000022D7044DD00), frame # 2536
[2021.02.04-20.33.01:460][536]LogExit: Object subsystem successfully closed.
[2021.02.04-20.33.01:581][536]LogModuleManager: Shutting down and abandoning module AutomationController (328)
[2021.02.04-20.33.01:581][536]LogModuleManager: Shutting down and abandoning module AutomationWorker (326)
[2021.02.04-20.33.01:581][536]LogModuleManager: Shutting down and abandoning module Voice (324)
[2021.02.04-20.33.01:581][536]LogModuleManager: Shutting down and abandoning module AIModule (322)
[2021.02.04-20.33.01:581][536]LogModuleManager: Shutting down and abandoning module GameplayDebugger (321)
[2021.02.04-20.33.01:581][536]LogModuleManager: Shutting down and abandoning module NavigationSystem (319)
[2021.02.04-20.33.01:581][536]LogModuleManager: Shutting down and abandoning module WebMMediaFactory (316)
[2021.02.04-20.33.01:581][536]LogModuleManager: Shutting down and abandoning module WebMMedia (314)
[2021.02.04-20.33.01:581][536]LogModuleManager: Shutting down and abandoning module OculusMR (312)
[2021.02.04-20.33.01:581][536]LogModuleManager: Shutting down and abandoning module WmfMediaFactory (310)
[2021.02.04-20.33.01:584][536]LogModuleManager: Shutting down and abandoning module OpenExrWrapper (308)
[2021.02.04-20.33.01:584][536]LogModuleManager: Shutting down and abandoning module ImgMediaFactory (306)
[2021.02.04-20.33.01:584][536]LogModuleManager: Shutting down and abandoning module AvfMediaFactory (304)
[2021.02.04-20.33.01:584][536]LogModuleManager: Shutting down and abandoning module CharacterAI (302)
[2021.02.04-20.33.01:584][536]LogModuleManager: Shutting down and abandoning module PlanarCut (300)
[2021.02.04-20.33.01:584][536]LogModuleManager: Shutting down and abandoning module SessionServices (298)
[2021.02.04-20.33.01:584][536]LogModuleManager: Shutting down and abandoning module LiveCoding (296)
[2021.02.04-20.33.01:587][536]LogModuleManager: Shutting down and abandoning module LevelSequence (294)
[2021.02.04-20.33.01:587][536]LogModuleManager: Shutting down and abandoning module MovieSceneTracks (292)
[2021.02.04-20.33.01:587][536]LogModuleManager: Shutting down and abandoning module MovieScene (290)
[2021.02.04-20.33.01:592][536]LogModuleManager: Shutting down and abandoning module StreamingPauseRendering (288)
[2021.02.04-20.33.01:592][536]LogModuleManager: Shutting down and abandoning module AudioMixerXAudio2 (286)
[2021.02.04-20.33.01:592][536]LogModuleManager: Shutting down and abandoning module AudioMixerCore (285)
[2021.02.04-20.33.01:592][536]LogModuleManager: Shutting down and abandoning module ImageWriteQueue (282)
[2021.02.04-20.33.01:595][536]LogModuleManager: Shutting down and abandoning module ProfilerService (280)
[2021.02.04-20.33.01:812][536]LogModuleManager: Shutting down and abandoning module TaskGraph (278)
[2021.02.04-20.33.01:819][536]LogModuleManager: Shutting down and abandoning module Synthesis (276)
[2021.02.04-20.33.01:837][536]LogModuleManager: Shutting down and abandoning module OculusInput (274)
[2021.02.04-20.33.01:837][536]LogModuleManager: Shutting down and abandoning module MobilePatchingUtils (272)
[2021.02.04-20.33.01:837][536]LogModuleManager: Shutting down and abandoning module GooglePAD (270)
[2021.02.04-20.33.01:837][536]LogModuleManager: Shutting down and abandoning module CustomMeshComponent (268)
[2021.02.04-20.33.01:837][536]LogModuleManager: Shutting down and abandoning module CableComponent (266)
[2021.02.04-20.33.01:837][536]LogModuleManager: Shutting down and abandoning module AudioCapture (264)
[2021.02.04-20.33.01:837][536]LogModuleManager: Shutting down and abandoning module AudioCaptureRtAudio (263)
[2021.02.04-20.33.01:837][536]LogModuleManager: Shutting down and abandoning module AssetTags (260)
[2021.02.04-20.33.01:837][536]LogModuleManager: Shutting down and abandoning module ArchVisCharacter (258)
[2021.02.04-20.33.01:837][536]LogModuleManager: Shutting down and abandoning module AppleImageUtils (256)
[2021.02.04-20.33.01:837][536]LogModuleManager: Shutting down and abandoning module AndroidPermission (254)
[2021.02.04-20.33.01:837][536]LogModuleManager: Shutting down and abandoning module TemplateSequence (252)
[2021.02.04-20.33.01:837][536]LogModuleManager: Shutting down and abandoning module DatabaseSupport (250)
[2021.02.04-20.33.01:837][536]LogModuleManager: Shutting down and abandoning module SQLiteSupport (248)
[2021.02.04-20.33.01:837][536]LogModuleManager: Shutting down and abandoning module MediaCompositing (246)
[2021.02.04-20.33.01:837][536]LogModuleManager: Shutting down and abandoning module ImgMedia (244)
[2021.02.04-20.33.01:837][536]LogModuleManager: Shutting down and abandoning module MagicLeapLightEstimation (242)
[2021.02.04-20.33.01:837][536]LogModuleManager: Shutting down and abandoning module MagicLeapHelperVulkan (240)
[2021.02.04-20.33.01:837][536]LogModuleManager: Shutting down and abandoning module MagicLeapHelperOpenGL (238)
[2021.02.04-20.33.01:837][536]LogModuleManager: Shutting down and abandoning module MagicLeapAudio (236)
[2021.02.04-20.33.01:837][536]LogModuleManager: Shutting down and abandoning module MagicLeapSharedWorld (234)
[2021.02.04-20.33.01:837][536]LogModuleManager: Shutting down and abandoning module ChaosNiagara (232)
[2021.02.04-20.33.01:837][536]LogModuleManager: Shutting down and abandoning module ProceduralMeshComponent (230)
[2021.02.04-20.33.01:837][536]LogModuleManager: Shutting down and abandoning module GeometryCollectionTracks (228)
[2021.02.04-20.33.01:837][536]LogModuleManager: Shutting down and abandoning module EditableMesh (226)
[2021.02.04-20.33.01:837][536]LogModuleManager: Shutting down and abandoning module MeshSolverUtilities (224)
[2021.02.04-20.33.01:837][536]LogModuleManager: Shutting down and abandoning module MeshConversion (222)
[2021.02.04-20.33.01:837][536]LogModuleManager: Shutting down and abandoning module DynamicMesh (220)
[2021.02.04-20.33.01:837][536]LogModuleManager: Shutting down and abandoning module GeometryAlgorithms (218)
[2021.02.04-20.33.01:837][536]LogModuleManager: Shutting down and abandoning module GeometricObjects (216)
[2021.02.04-20.33.01:837][536]LogModuleManager: Shutting down and abandoning module ChaosCloth (214)
[2021.02.04-20.33.01:837][536]LogModuleManager: Shutting down and abandoning module BackChannel (212)
[2021.02.04-20.33.01:837][536]LogModuleManager: Shutting down and abandoning module AutomationUtils (210)
[2021.02.04-20.33.01:837][536]LogModuleManager: Shutting down and abandoning module GeometryCacheTracks (208)
[2021.02.04-20.33.01:837][536]LogModuleManager: Shutting down and abandoning module GeometryCache (206)
[2021.02.04-20.33.01:837][536]LogModuleManager: Shutting down and abandoning module UObjectPlugin (204)
[2021.02.04-20.33.01:837][536]LogModuleManager: Shutting down and abandoning module GlobalGameJam2021 (202)
[2021.02.04-20.33.01:837][536]LogModuleManager: Shutting down and abandoning module SoundFields (200)
[2021.02.04-20.33.01:837][536]LogModuleManager: Shutting down and abandoning module RuntimePhysXCooking (198)
[2021.02.04-20.33.01:837][536]LogModuleManager: Shutting down and abandoning module LocationServicesBPLibrary (194)
[2021.02.04-20.33.01:837][536]LogModuleManager: Shutting down and abandoning module ActorSequence (192)
[2021.02.04-20.33.01:837][536]LogModuleManager: Shutting down and abandoning module UdpMessaging (190)
[2021.02.04-20.33.01:841][536]LogModuleManager: Shutting down and abandoning module TcpMessaging (188)
[2021.02.04-20.33.01:841][536]LogModuleManager: Shutting down and abandoning module SQLiteCore (186)
[2021.02.04-20.33.01:848][536]LogModuleManager: Shutting down and abandoning module MagicLeapHandMeshing (184)
[2021.02.04-20.33.01:848][536]LogModuleManager: Shutting down and abandoning module MagicLeapSecureStorage (182)
[2021.02.04-20.33.01:848][536]LogModuleManager: Shutting down and abandoning module MagicLeapPrivileges (180)
[2021.02.04-20.33.01:848][536]LogModuleManager: Shutting down and abandoning module MagicLeapPlanes (178)
[2021.02.04-20.33.01:848][536]LogModuleManager: Shutting down and abandoning module MagicLeapImageTracker (176)
[2021.02.04-20.33.01:848][536]LogModuleManager: Shutting down and abandoning module MagicLeapIdentity (174)
[2021.02.04-20.33.01:848][536]LogModuleManager: Shutting down and abandoning module MagicLeapHandTracking (172)
[2021.02.04-20.33.01:848][536]LogModuleManager: Shutting down and abandoning module MagicLeapEyeTracker (170)
[2021.02.04-20.33.01:848][536]LogModuleManager: Shutting down and abandoning module MagicLeapController (168)
[2021.02.04-20.33.01:848][536]LogSlate: Slate User Destroyed.  User Index 0, Is Virtual User: 0
[2021.02.04-20.33.01:848][536]LogModuleManager: Shutting down and abandoning module MagicLeapARPinImpl (166)
[2021.02.04-20.33.01:848][536]LogModuleManager: Shutting down and abandoning module MagicLeapAR (164)
[2021.02.04-20.33.01:848][536]LogModuleManager: Shutting down and abandoning module AugmentedReality (163)
[2021.02.04-20.33.01:848][536]LogModuleManager: Shutting down and abandoning module MagicLeapARPin (160)
[2021.02.04-20.33.01:848][536]LogModuleManager: Shutting down and abandoning module NiagaraAnimNotifies (158)
[2021.02.04-20.33.01:848][536]LogModuleManager: Shutting down and abandoning module Niagara (156)
[2021.02.04-20.33.01:851][536]LogModuleManager: Shutting down and abandoning module SignalProcessing (155)
[2021.02.04-20.33.01:851][536]LogModuleManager: Shutting down and abandoning module NiagaraCore (152)
[2021.02.04-20.33.01:851][536]LogModuleManager: Shutting down and abandoning module FacialAnimation (150)
[2021.02.04-20.33.01:851][536]LogModuleManager: Shutting down and abandoning module SignificanceManager (148)
[2021.02.04-20.33.01:851][536]LogModuleManager: Shutting down and abandoning module AnimationSharing (146)
[2021.02.04-20.33.01:851][536]LogModuleManager: Shutting down and abandoning module LightPropagationVolumeRuntime (144)
[2021.02.04-20.33.01:851][536]LogModuleManager: Shutting down and abandoning module Paper2D (142)
[2021.02.04-20.33.01:851][536]LogModuleManager: Shutting down and abandoning module AkAudio (140)
[2021.02.04-20.33.01:879][536]LogInit: Audiokinetic Audio Device terminated.
[2021.02.04-20.33.01:879][536]LogModuleManager: Shutting down and abandoning module WindowsMoviePlayer (138)
[2021.02.04-20.33.01:879][536]LogModuleManager: Shutting down and abandoning module WebMMoviePlayer (136)
[2021.02.04-20.33.01:879][536]LogModuleManager: Shutting down and abandoning module NetworkReplayStreaming (134)
[2021.02.04-20.33.01:879][536]LogModuleManager: Shutting down and abandoning module PacketHandler (132)
[2021.02.04-20.33.01:879][536]LogModuleManager: Shutting down and abandoning module ClothingSystemRuntimeNv (130)
[2021.02.04-20.33.01:895][536]LogModuleManager: Shutting down and abandoning module MediaAssets (128)
[2021.02.04-20.33.01:895][536]LogModuleManager: Shutting down and abandoning module Overlay (126)
[2021.02.04-20.33.01:895][536]LogModuleManager: Shutting down and abandoning module FunctionalTesting (124)
[2021.02.04-20.33.01:895][536]LogModuleManager: Shutting down and abandoning module MessageLog (122)
[2021.02.04-20.33.01:909][536]LogModuleManager: Shutting down and abandoning module UMG (120)
[2021.02.04-20.33.01:909][536]LogModuleManager: Shutting down and abandoning module SlateReflector (118)
[2021.02.04-20.33.02:005][536]LogModuleManager: Shutting down and abandoning module Slate (116)
[2021.02.04-20.33.02:005][536]LogModuleManager: Shutting down and abandoning module SlateCore (114)
[2021.02.04-20.33.02:005][536]LogModuleManager: Shutting down and abandoning module MRMesh (112)
[2021.02.04-20.33.02:005][536]LogModuleManager: Shutting down and abandoning module Messaging (110)
[2021.02.04-20.33.02:005][536]LogModuleManager: Shutting down and abandoning module HeadMountedDisplay (108)
[2021.02.04-20.33.02:005][536]LogModuleManager: Shutting down and abandoning module XAudio2 (106)
[2021.02.04-20.33.02:005][536]LogModuleManager: Shutting down and abandoning module Networking (104)
[2021.02.04-20.33.02:005][536]LogModuleManager: Shutting down and abandoning module Core (102)
[2021.02.04-20.33.02:005][536]LogModuleManager: Shutting down and abandoning module ImageWrapper (98)
[2021.02.04-20.33.02:005][536]LogModuleManager: Shutting down and abandoning module InputCore (96)
[2021.02.04-20.33.02:005][536]LogModuleManager: Shutting down and abandoning module Settings (94)
[2021.02.04-20.33.02:005][536]LogModuleManager: Shutting down and abandoning module PhysXCooking (92)
[2021.02.04-20.33.02:005][536]LogModuleManager: Shutting down and abandoning module ChaosSolvers (90)
[2021.02.04-20.33.02:009][536]LogModuleManager: Shutting down and abandoning module FieldSystemEngine (89)
[2021.02.04-20.33.02:009][536]LogModuleManager: Shutting down and abandoning module Chaos (86)
[2021.02.04-20.33.02:009][536]LogModuleManager: Shutting down and abandoning module WindowsPlatformFeatures (84)
[2021.02.04-20.33.02:017][536]LogModuleManager: Shutting down and abandoning module GameplayMediaEncoder (83)
[2021.02.04-20.33.02:017][536]LogModuleManager: Shutting down and abandoning module AVEncoder (82)
[2021.02.04-20.33.02:017][536]LogModuleManager: Shutting down and abandoning module SteamVRInputDevice (78)
[2021.02.04-20.33.02:017][536]LogModuleManager: Shutting down and abandoning module SteamVRInput (76)
[2021.02.04-20.33.02:017][536]LogModuleManager: Shutting down and abandoning module SteamVR (74)
[2021.02.04-20.33.02:026][536]LogHMD: Freeing OpenVRDLLHandle.
[2021.02.04-20.33.02:026][536]LogModuleManager: Shutting down and abandoning module OculusHMD (72)
[2021.02.04-20.33.02:026][536]LogModuleManager: Shutting down and abandoning module ExampleDeviceProfileSelector (70)
[2021.02.04-20.33.02:026][536]LogModuleManager: Shutting down and abandoning module LauncherChunkInstaller (68)
[2021.02.04-20.33.02:026][536]LogModuleManager: Shutting down and abandoning module OnlineSubsystem (64)
[2021.02.04-20.33.02:041][536]LogModuleManager: Shutting down and abandoning module HTTP (59)
[2021.02.04-20.33.02:055][536]LogModuleManager: Shutting down and abandoning module SSL (58)
[2021.02.04-20.33.02:055][536]LogModuleManager: Shutting down and abandoning module WmfMedia (54)
[2021.02.04-20.33.02:058][536]LogModuleManager: Shutting down and abandoning module Media (53)
[2021.02.04-20.33.02:058][536]LogModuleManager: Shutting down and abandoning module MagicLeap (50)
[2021.02.04-20.33.02:058][536]LogModuleManager: Shutting down and abandoning module NiagaraVertexFactories (48)
[2021.02.04-20.33.02:058][536]LogModuleManager: Shutting down and abandoning module NiagaraShader (46)
[2021.02.04-20.33.02:058][536]LogModuleManager: Shutting down and abandoning module VariantManagerContent (44)
[2021.02.04-20.33.02:058][536]LogModuleManager: Shutting down and abandoning module DatasmithContent (42)
[2021.02.04-20.33.02:059][536]LogModuleManager: Shutting down and abandoning module AISupportModule (40)
[2021.02.04-20.33.02:059][536]LogModuleManager: Shutting down and abandoning module PythonScriptPluginPreload (38)
[2021.02.04-20.33.02:059][536]LogModuleManager: Shutting down and abandoning module PlatformCryptoOpenSSL (36)
[2021.02.04-20.33.02:059][536]LogModuleManager: Shutting down and abandoning module PlatformCryptoTypes (34)
[2021.02.04-20.33.02:059][536]LogModuleManager: Shutting down and abandoning module PlatformCrypto (32)
[2021.02.04-20.33.02:059][536]LogModuleManager: Shutting down and abandoning module RenderCore (30)
[2021.02.04-20.33.02:059][536]LogModuleManager: Shutting down and abandoning module Landscape (28)
[2021.02.04-20.33.02:059][536]LogModuleManager: Shutting down and abandoning module SlateRHIRenderer (26)
[2021.02.04-20.33.02:059][536]LogModuleManager: Shutting down and abandoning module OpenGLDrv (24)
[2021.02.04-20.33.02:059][536]LogModuleManager: Shutting down and abandoning module D3D11RHI (22)
[2021.02.04-20.33.02:059][536]LogModuleManager: Shutting down and abandoning module AnimGraphRuntime (20)
[2021.02.04-20.33.02:059][536]LogModuleManager: Shutting down and abandoning module Renderer (18)
[2021.02.04-20.33.02:059][536]LogModuleManager: Shutting down and abandoning module Engine (16)
[2021.02.04-20.33.02:059][536]LogModuleManager: Shutting down and abandoning module CoreUObject (14)
[2021.02.04-20.33.02:059][536]LogModuleManager: Shutting down and abandoning module NetworkFile (12)
[2021.02.04-20.33.02:059][536]LogModuleManager: Shutting down and abandoning module CookedIterativeFile (10)
[2021.02.04-20.33.02:059][536]LogModuleManager: Shutting down and abandoning module StreamingFile (8)
[2021.02.04-20.33.02:059][536]LogModuleManager: Shutting down and abandoning module SandboxFile (6)
[2021.02.04-20.33.02:059][536]LogModuleManager: Shutting down and abandoning module PakFile (4)
[2021.02.04-20.33.02:070][536]LogModuleManager: Shutting down and abandoning module RSA (3)
[2021.02.04-20.33.02:075][536]LogContentStreaming: Display: There are 1 unreleased StreamingManagers
[2021.02.04-20.33.02:087][536]LogD3D11RHI: Shutdown
[2021.02.04-20.33.02:087][536]LogD3D11RHI: CleanupD3DDevice
[2021.02.04-20.33.02:121][536]LogExit: Exiting.
[2021.02.04-20.33.02:175][536]Log file closed, 02/04/21 21:33:02
